QuestaSim-64 vcom 2025.1_2 Compiler 2025.04 Apr  7 2025
Start time: 16:47:10 on Oct 24,2025
vcom -2008 -work internal/ModelSimContainer/work proj/src/RISCV_types.vhd internal/testpy/tb.vhd proj/src/RISCV_types.vhd proj/src/TopLevel/mem.vhd proj/src/TopLevel/RISCV_Processor.vhd proj/src/TopLevel/Components/ControlUnit.vhd proj/src/TopLevel/Components/ALU_Components/ALU_Control.vhd proj/src/TopLevel/Components/ALU_Components/ALU.vhd proj/src/TopLevel/Components/ALU_Components/AddSub/onesComp_n.vhd proj/src/TopLevel/Components/ALU_Components/AddSub/fulladder.vhd proj/src/TopLevel/Components/ALU_Components/AddSub/addSub_n.vhd proj/src/TopLevel/Components/ALU_Components/AddSub/rippleAdder_n.vhd proj/src/TopLevel/Components/ALU_Components/Gates/andg2.vhd proj/src/TopLevel/Components/ALU_Components/Gates/org2.vhd proj/src/TopLevel/Components/ALU_Components/Gates/xorg2.vhd proj/src/TopLevel/Components/ALU_Components/Gates/invg.vhd proj/src/TopLevel/Components/ALU_Components/LogicModule/LogicModule.vhd proj/src/TopLevel/Components/ALU_Components/BarrelShifter/rbshift.vhd proj/src/TopLevel/Components/ALU_Components/BarrelShifter/dualShift.vhd proj/src/TopLevel/Components/ALU_Components/Mux/bit_mux4t1.vhd proj/src/TopLevel/Components/ALU_Components/Mux/mux2t1.vhd proj/src/TopLevel/Components/ALU_Components/Mux/DFmux2t1.vhd proj/src/TopLevel/Components/ALU_Components/Mux/mux2t1_N.vhd proj/src/TopLevel/Components/ALU_Components/Mux/mux4t1.vhd proj/src/TopLevel/Components/ALU_Components/IsNegative/IsNegative.vhd proj/src/TopLevel/Components/ALU_Components/IsZero/IsZero.vhd proj/src/TopLevel/Components/InstructionFetch/PC_nBitRegister.vhd proj/src/TopLevel/Components/InstructionFetch/Iterator.vhd proj/src/TopLevel/Components/InstructionFetch/PC_dffg.vhd proj/src/TopLevel/Components/InstructionFetch/ProgramCounterSimple.vhd proj/src/TopLevel/Components/InstructionFetch/BranchDecoder.vhd proj/src/TopLevel/Components/Regfile/RegFile.vhd proj/src/TopLevel/Components/Regfile/dffg.vhd proj/src/TopLevel/Components/Regfile/RegisterDecoder.vhd proj/src/TopLevel/Components/Regfile/nBitRegister.vhd proj/src/TopLevel/Components/Regfile/mux32t1.vhd proj/src/TopLevel/Components/Extender/BitExtender20t32.vhd proj/src/TopLevel/Components/BitExtender/BitExtender.vhd proj/src/TopLevel/Components/lab1Components/Lab1/andg2.vhd proj/src/TopLevel/Components/lab1Components/Lab1/org2.vhd proj/src/TopLevel/Components/lab1Components/Lab1/mux2t1_N.vhd proj/src/TopLevel/Components/lab1Components/Lab1/Adder.vhd proj/src/TopLevel/Components/lab1Components/Lab1/RegLd.vhd proj/src/TopLevel/Components/lab1Components/Lab1/Reg.vhd proj/src/TopLevel/Components/lab1Components/Lab1/TPU_MV_Element.vhd proj/src/TopLevel/Components/lab1Components/Lab1/Multiplier.vhd proj/src/TopLevel/Components/lab1Components/Lab1/tb_TPU_MV_Element.vhd proj/src/TopLevel/Components/lab1Components/Lab1/xorg2.vhd proj/src/TopLevel/Components/lab1Components/Lab1/invg.vhd proj/src/TopLevel/Components/lab1Components/OnesComp/onesComp_n.vhd proj/src/TopLevel/Components/lab1Components/OnesComp/tb_onesComp_n.vhd proj/src/TopLevel/Components/lab1Components/AddSub/addSub_n.vhd proj/src/TopLevel/Components/lab1Components/AddSub/tb_addSub_n.vhd proj/src/TopLevel/Components/lab1Components/Mux/mux2t1.vhd proj/src/TopLevel/Components/lab1Components/Mux/tb_mux2t1_N.vhd proj/src/TopLevel/Components/lab1Components/Mux/DFmux2t1.vhd proj/src/TopLevel/Components/lab1Components/Mux/tb_mux2t1.vhd proj/src/TopLevel/Components/lab1Components/Mux/tb_DFmux2t1.vhd proj/src/TopLevel/Components/lab1Components/Adder/rippleAdder_n.vhd proj/src/TopLevel/Components/lab1Components/Adder/fulladder.vhd proj/src/TopLevel/Components/lab1Components/Adder/tb_rippleAdder_n.vhd proj/src/TopLevel/Components/lab1Components/Adder/tb_fulladder.vhd 
-- Loading package STANDARD
-- Loading package TEXTIO
-- Loading package std_logic_1164
-- Compiling package RISCV_types
-- Compiling package body RISCV_types
-- Loading package RISCV_types
-- Loading package std_logic_textio
-- Loading package ENV
-- Compiling entity tb
-- Compiling architecture mixed of tb
** Warning: proj/src/RISCV_types.vhd(15): (vcom-1615) Existing package 'RISCV_types' at line 18 will be overwritten.
-- Compiling package RISCV_types
** Warning: proj/src/RISCV_types.vhd(167): (vcom-1615) Existing package body 'RISCV_types(body)' at line 167 will be overwritten.
-- Compiling package body RISCV_types
-- Loading package RISCV_types
-- Loading package NUMERIC_STD
-- Compiling entity mem
-- Compiling architecture rtl of mem
-- Loading package RISCV_types
-- Compiling entity RISCV_Processor
-- Compiling architecture structure of RISCV_Processor
-- Compiling entity ControlUnit
-- Compiling architecture dataflow of ControlUnit
-- Compiling entity ALU_Control
-- Compiling architecture behaviour of ALU_Control
-- Compiling entity ALU
-- Compiling architecture behaviour of ALU
-- Compiling entity onesComp_n
-- Compiling architecture structural of onesComp_n
-- Compiling entity fullAdder
-- Compiling architecture structural of fullAdder
-- Compiling entity addSub_n
-- Compiling architecture structural of addSub_n
-- Compiling entity rippleAdder_n
-- Compiling architecture structural of rippleAdder_n
-- Compiling entity andg2
-- Compiling architecture dataflow of andg2
-- Compiling entity org2
-- Compiling architecture dataflow of org2
-- Compiling entity xorg2
-- Compiling architecture dataflow of xorg2
-- Compiling entity invg
-- Compiling architecture dataflow of invg
-- Compiling entity LogicModule
-- Compiling architecture mixed of LogicModule
-- Compiling entity rbshift
-- Compiling architecture mixed of rbshift
-- Compiling entity dualShift
-- Compiling architecture mixed of dualShift
-- Compiling entity BitMux4t1
-- Compiling architecture behaviour of BitMux4t1
-- Compiling entity mux2t1
-- Compiling architecture structural of mux2t1
-- Compiling entity DFmux2t1
-- Compiling architecture dataflow of DFmux2t1
-- Compiling entity mux2t1_N
-- Compiling architecture structural of mux2t1_N
-- Compiling entity Mux4t1
-- Compiling architecture behaviour of Mux4t1
-- Compiling entity IsNegative
-- Compiling architecture behaviour of IsNegative
-- Compiling entity IsZero
-- Compiling architecture behaviour of IsZero
-- Compiling entity PC_nBitRegister
-- Compiling architecture structural of PC_nBitRegister
** Error: proj/src/TopLevel/Components/InstructionFetch/PC_nBitRegister.vhd(37): Signal [mode IN port] "i_write" is type ieee.std_logic_1164.STD_LOGIC_VECTOR; expecting type ieee.std_logic_1164.STD_LOGIC.
** Note: proj/src/TopLevel/Components/InstructionFetch/PC_nBitRegister.vhd(41): VHDL Compiler exiting
End time: 16:47:10 on Oct 24,2025, Elapsed time: 0:00:00
Errors: 1, Warnings: 2
