QuestaSim-64 vcom 2025.1_2 Compiler 2025.04 Apr  7 2025
Start time: 14:58:30 on Oct 24,2025
vcom -2008 -work internal/ModelSimContainer/work proj/src/RISCV_types.vhd internal/testpy/tb.vhd proj/src/RISCV_types.vhd proj/src/TopLevel/mem.vhd proj/src/TopLevel/RISCV_Processor.vhd proj/src/TopLevel/Components/ControlUnit.vhd proj/src/TopLevel/Components/ALU_Components/ALU_Control.vhd proj/src/TopLevel/Components/ALU_Components/ALU.vhd proj/src/TopLevel/Components/ALU_Components/BitExtender/BitExtender.vhd proj/src/TopLevel/Components/ALU_Components/AddSub/onesComp_n.vhd proj/src/TopLevel/Components/ALU_Components/AddSub/fulladder.vhd proj/src/TopLevel/Components/ALU_Components/AddSub/addSub_n.vhd proj/src/TopLevel/Components/ALU_Components/AddSub/rippleAdder_n.vhd proj/src/TopLevel/Components/ALU_Components/Gates/andg2.vhd proj/src/TopLevel/Components/ALU_Components/Gates/org2.vhd proj/src/TopLevel/Components/ALU_Components/Gates/xorg2.vhd proj/src/TopLevel/Components/ALU_Components/Gates/invg.vhd proj/src/TopLevel/Components/ALU_Components/LogicModule/LogicModule.vhd proj/src/TopLevel/Components/ALU_Components/BarrelShifter/rbshift.vhd proj/src/TopLevel/Components/ALU_Components/BarrelShifter/dualShift.vhd proj/src/TopLevel/Components/ALU_Components/Mux/bit_mux4t1.vhd proj/src/TopLevel/Components/ALU_Components/Mux/mux2t1.vhd proj/src/TopLevel/Components/ALU_Components/Mux/DFmux2t1.vhd proj/src/TopLevel/Components/ALU_Components/Mux/mux2t1_N.vhd proj/src/TopLevel/Components/ALU_Components/Mux/mux4t1.vhd proj/src/TopLevel/Components/ALU_Components/IsNegative/IsNegative.vhd proj/src/TopLevel/Components/ALU_Components/IsZero/IsZero.vhd proj/src/TopLevel/Components/InstructionFetch/Iterator.vhd proj/src/TopLevel/Components/InstructionFetch/PC_dffg.vhd proj/src/TopLevel/Components/InstructionFetch/ProgramCounterSimple.vhd proj/src/TopLevel/Components/InstructionFetch/PC_RegFile.vhd proj/src/TopLevel/Components/InstructionFetch/BranchDecoder.vhd proj/src/TopLevel/Components/Regfile/RegFile.vhd proj/src/TopLevel/Components/Regfile/dffg.vhd proj/src/TopLevel/Components/Regfile/RegisterDecoder.vhd proj/src/TopLevel/Components/Regfile/nBitRegister.vhd proj/src/TopLevel/Components/Regfile/mux32t1.vhd proj/src/TopLevel/Components/Extender/BitExtender20t32.vhd proj/src/TopLevel/Components/lab1Components/Lab1/andg2.vhd proj/src/TopLevel/Components/lab1Components/Lab1/org2.vhd proj/src/TopLevel/Components/lab1Components/Lab1/mux2t1_N.vhd proj/src/TopLevel/Components/lab1Components/Lab1/Adder.vhd proj/src/TopLevel/Components/lab1Components/Lab1/RegLd.vhd proj/src/TopLevel/Components/lab1Components/Lab1/Reg.vhd proj/src/TopLevel/Components/lab1Components/Lab1/TPU_MV_Element.vhd proj/src/TopLevel/Components/lab1Components/Lab1/Multiplier.vhd proj/src/TopLevel/Components/lab1Components/Lab1/tb_TPU_MV_Element.vhd proj/src/TopLevel/Components/lab1Components/Lab1/xorg2.vhd proj/src/TopLevel/Components/lab1Components/Lab1/invg.vhd proj/src/TopLevel/Components/lab1Components/OnesComp/onesComp_n.vhd proj/src/TopLevel/Components/lab1Components/OnesComp/tb_onesComp_n.vhd proj/src/TopLevel/Components/lab1Components/AddSub/addSub_n.vhd proj/src/TopLevel/Components/lab1Components/AddSub/tb_addSub_n.vhd proj/src/TopLevel/Components/lab1Components/Mux/mux2t1.vhd proj/src/TopLevel/Components/lab1Components/Mux/tb_mux2t1_N.vhd proj/src/TopLevel/Components/lab1Components/Mux/DFmux2t1.vhd proj/src/TopLevel/Components/lab1Components/Mux/tb_mux2t1.vhd proj/src/TopLevel/Components/lab1Components/Mux/tb_DFmux2t1.vhd proj/src/TopLevel/Components/lab1Components/Adder/rippleAdder_n.vhd proj/src/TopLevel/Components/lab1Components/Adder/fulladder.vhd proj/src/TopLevel/Components/lab1Components/Adder/tb_rippleAdder_n.vhd proj/src/TopLevel/Components/lab1Components/Adder/tb_fulladder.vhd 
-- Loading package STANDARD
-- Loading package TEXTIO
-- Loading package std_logic_1164
-- Compiling package RISCV_types
-- Compiling package body RISCV_types
-- Loading package RISCV_types
-- Loading package std_logic_textio
-- Loading package ENV
-- Compiling entity tb
-- Compiling architecture mixed of tb
** Warning: proj/src/RISCV_types.vhd(15): (vcom-1615) Existing package 'RISCV_types' at line 18 will be overwritten.
-- Compiling package RISCV_types
** Warning: proj/src/RISCV_types.vhd(167): (vcom-1615) Existing package body 'RISCV_types(body)' at line 167 will be overwritten.
-- Compiling package body RISCV_types
-- Loading package RISCV_types
-- Loading package NUMERIC_STD
-- Compiling entity mem
-- Compiling architecture rtl of mem
-- Loading package RISCV_types
-- Compiling entity RISCV_Processor
-- Compiling architecture structure of RISCV_Processor
-- Compiling entity ControlUnit
-- Compiling architecture dataflow of ControlUnit
-- Compiling entity ALU_Control
-- Compiling architecture behaviour of ALU_Control
-- Compiling entity ALU
-- Compiling architecture behaviour of ALU
-- Compiling entity BitExtender
-- Compiling architecture behaviour of BitExtender
** Warning: proj/src/TopLevel/Components/ALU_Components/AddSub/onesComp_n.vhd(17): (vcom-1615) Existing entity 'onesComp_n' at /home/esliandy/Documents/github/CPRE381_Labs/Project1/toolflow/cpre3810-toolflow/proj/src/TopLevel/Components/lab1Components/OnesComp/onesComp_n.vhd(17) will be overwritten.
-- Compiling entity onesComp_n
** Warning: proj/src/TopLevel/Components/ALU_Components/AddSub/onesComp_n.vhd(24): (vcom-1615) Existing architecture 'onesComp_n(structural)' at /home/esliandy/Documents/github/CPRE381_Labs/Project1/toolflow/cpre3810-toolflow/proj/src/TopLevel/Components/lab1Components/OnesComp/onesComp_n.vhd(24) will be overwritten.
-- Compiling architecture structural of onesComp_n
** Warning: proj/src/TopLevel/Components/ALU_Components/AddSub/fulladder.vhd(20): (vcom-1615) Existing entity 'fullAdder' at /home/esliandy/Documents/github/CPRE381_Labs/Project1/toolflow/cpre3810-toolflow/proj/src/TopLevel/Components/lab1Components/Adder/fulladder.vhd(20) will be overwritten.
-- Compiling entity fullAdder
** Warning: proj/src/TopLevel/Components/ALU_Components/AddSub/fulladder.vhd(30): (vcom-1615) Existing architecture 'fullAdder(structural)' at /home/esliandy/Documents/github/CPRE381_Labs/Project1/toolflow/cpre3810-toolflow/proj/src/TopLevel/Components/lab1Components/Adder/fulladder.vhd(30) will be overwritten.
-- Compiling architecture structural of fullAdder
** Warning: proj/src/TopLevel/Components/ALU_Components/AddSub/addSub_n.vhd(22): (vcom-1615) Existing entity 'addSub_n' at /home/esliandy/Documents/github/CPRE381_Labs/Project1/toolflow/cpre3810-toolflow/proj/src/TopLevel/Components/lab1Components/AddSub/addSub_n.vhd(22) will be overwritten.
-- Compiling entity addSub_n
** Warning: proj/src/TopLevel/Components/ALU_Components/AddSub/addSub_n.vhd(31): (vcom-1615) Existing architecture 'addSub_n(structural)' at /home/esliandy/Documents/github/CPRE381_Labs/Project1/toolflow/cpre3810-toolflow/proj/src/TopLevel/Components/lab1Components/AddSub/addSub_n.vhd(31) will be overwritten.
-- Compiling architecture structural of addSub_n
** Warning: proj/src/TopLevel/Components/ALU_Components/AddSub/rippleAdder_n.vhd(22): (vcom-1615) Existing entity 'rippleAdder_n' at /home/esliandy/Documents/github/CPRE381_Labs/Project1/toolflow/cpre3810-toolflow/proj/src/TopLevel/Components/lab1Components/Adder/rippleAdder_n.vhd(22) will be overwritten.
-- Compiling entity rippleAdder_n
** Warning: proj/src/TopLevel/Components/ALU_Components/AddSub/rippleAdder_n.vhd(34): (vcom-1615) Existing architecture 'rippleAdder_n(structural)' at /home/esliandy/Documents/github/CPRE381_Labs/Project1/toolflow/cpre3810-toolflow/proj/src/TopLevel/Components/lab1Components/Adder/rippleAdder_n.vhd(34) will be overwritten.
-- Compiling architecture structural of rippleAdder_n
** Warning: proj/src/TopLevel/Components/ALU_Components/Gates/andg2.vhd(23): (vcom-1615) Existing entity 'andg2' at /home/esliandy/Documents/github/CPRE381_Labs/Project1/toolflow/cpre3810-toolflow/proj/src/TopLevel/Components/lab1Components/Lab1/andg2.vhd(23) will be overwritten.
-- Compiling entity andg2
** Warning: proj/src/TopLevel/Components/ALU_Components/Gates/andg2.vhd(31): (vcom-1615) Existing architecture 'andg2(dataflow)' at /home/esliandy/Documents/github/CPRE381_Labs/Project1/toolflow/cpre3810-toolflow/proj/src/TopLevel/Components/lab1Components/Lab1/andg2.vhd(31) will be overwritten.
-- Compiling architecture dataflow of andg2
** Warning: proj/src/TopLevel/Components/ALU_Components/Gates/org2.vhd(23): (vcom-1615) Existing entity 'org2' at /home/esliandy/Documents/github/CPRE381_Labs/Project1/toolflow/cpre3810-toolflow/proj/src/TopLevel/Components/lab1Components/Lab1/org2.vhd(23) will be overwritten.
-- Compiling entity org2
** Warning: proj/src/TopLevel/Components/ALU_Components/Gates/org2.vhd(31): (vcom-1615) Existing architecture 'org2(dataflow)' at /home/esliandy/Documents/github/CPRE381_Labs/Project1/toolflow/cpre3810-toolflow/proj/src/TopLevel/Components/lab1Components/Lab1/org2.vhd(31) will be overwritten.
-- Compiling architecture dataflow of org2
** Warning: proj/src/TopLevel/Components/ALU_Components/Gates/xorg2.vhd(23): (vcom-1615) Existing entity 'xorg2' at /home/esliandy/Documents/github/CPRE381_Labs/Project1/toolflow/cpre3810-toolflow/proj/src/TopLevel/Components/lab1Components/Lab1/xorg2.vhd(23) will be overwritten.
-- Compiling entity xorg2
** Warning: proj/src/TopLevel/Components/ALU_Components/Gates/xorg2.vhd(31): (vcom-1615) Existing architecture 'xorg2(dataflow)' at /home/esliandy/Documents/github/CPRE381_Labs/Project1/toolflow/cpre3810-toolflow/proj/src/TopLevel/Components/lab1Components/Lab1/xorg2.vhd(31) will be overwritten.
-- Compiling architecture dataflow of xorg2
** Warning: proj/src/TopLevel/Components/ALU_Components/Gates/invg.vhd(23): (vcom-1615) Existing entity 'invg' at /home/esliandy/Documents/github/CPRE381_Labs/Project1/toolflow/cpre3810-toolflow/proj/src/TopLevel/Components/lab1Components/Lab1/invg.vhd(23) will be overwritten.
-- Compiling entity invg
** Warning: proj/src/TopLevel/Components/ALU_Components/Gates/invg.vhd(30): (vcom-1615) Existing architecture 'invg(dataflow)' at /home/esliandy/Documents/github/CPRE381_Labs/Project1/toolflow/cpre3810-toolflow/proj/src/TopLevel/Components/lab1Components/Lab1/invg.vhd(30) will be overwritten.
-- Compiling architecture dataflow of invg
-- Compiling entity LogicModule
-- Compiling architecture mixed of LogicModule
-- Compiling entity rbshift
-- Compiling architecture mixed of rbshift
-- Compiling entity dualShift
-- Compiling architecture mixed of dualShift
-- Compiling entity BitMux4t1
-- Compiling architecture behaviour of BitMux4t1
** Warning: proj/src/TopLevel/Components/ALU_Components/Mux/mux2t1.vhd(21): (vcom-1615) Existing entity 'mux2t1' at /home/esliandy/Documents/github/CPRE381_Labs/Project1/toolflow/cpre3810-toolflow/proj/src/TopLevel/Components/lab1Components/Mux/mux2t1.vhd(21) will be overwritten.
-- Compiling entity mux2t1
** Warning: proj/src/TopLevel/Components/ALU_Components/Mux/mux2t1.vhd(29): (vcom-1615) Existing architecture 'mux2t1(structural)' at /home/esliandy/Documents/github/CPRE381_Labs/Project1/toolflow/cpre3810-toolflow/proj/src/TopLevel/Components/lab1Components/Mux/mux2t1.vhd(29) will be overwritten.
-- Compiling architecture structural of mux2t1
** Warning: proj/src/TopLevel/Components/ALU_Components/Mux/DFmux2t1.vhd(6): (vcom-1615) Existing entity 'DFmux2t1' at /home/esliandy/Documents/github/CPRE381_Labs/Project1/toolflow/cpre3810-toolflow/proj/src/TopLevel/Components/lab1Components/Mux/DFmux2t1.vhd(6) will be overwritten.
-- Compiling entity DFmux2t1
** Warning: proj/src/TopLevel/Components/ALU_Components/Mux/DFmux2t1.vhd(13): (vcom-1615) Existing architecture 'DFmux2t1(dataflow)' at /home/esliandy/Documents/github/CPRE381_Labs/Project1/toolflow/cpre3810-toolflow/proj/src/TopLevel/Components/lab1Components/Mux/DFmux2t1.vhd(13) will be overwritten.
-- Compiling architecture dataflow of DFmux2t1
** Warning: proj/src/TopLevel/Components/ALU_Components/Mux/mux2t1_N.vhd(21): (vcom-1615) Existing entity 'mux2t1_N' at /home/esliandy/Documents/github/CPRE381_Labs/Project1/toolflow/cpre3810-toolflow/proj/src/TopLevel/Components/lab1Components/Lab1/mux2t1_N.vhd(21) will be overwritten.
-- Compiling entity mux2t1_N
** Warning: proj/src/TopLevel/Components/ALU_Components/Mux/mux2t1_N.vhd(30): (vcom-1615) Existing architecture 'mux2t1_N(structural)' at /home/esliandy/Documents/github/CPRE381_Labs/Project1/toolflow/cpre3810-toolflow/proj/src/TopLevel/Components/lab1Components/Lab1/mux2t1_N.vhd(30) will be overwritten.
-- Compiling architecture structural of mux2t1_N
-- Compiling entity Mux4t1
-- Compiling architecture behaviour of Mux4t1
-- Compiling entity IsNegative
-- Compiling architecture behaviour of IsNegative
-- Compiling entity IsZero
-- Compiling architecture behaviour of IsZero
-- Compiling entity Iterator
-- Compiling architecture mixed of Iterator
-- Compiling entity PC_dffg
-- Compiling architecture mixed of PC_dffg
-- Compiling entity ProgramCounterSimple
-- Compiling architecture mixed of ProgramCounterSimple
-- Compiling entity PC_nBitRegister
-- Compiling architecture structural of PC_nBitRegister
-- Compiling entity BranchDecoder
-- Compiling architecture dataflow of BranchDecoder
-- Compiling entity RegFile
-- Compiling architecture structural of RegFile
-- Compiling entity dffg
-- Compiling architecture mixed of dffg
-- Compiling entity RegisterDecoder
-- Compiling architecture structural of RegisterDecoder
-- Compiling entity nBitRegister
-- Compiling architecture structural of nBitRegister
-- Compiling entity mux32t1
-- Compiling architecture dataflow of mux32t1
-- Compiling entity BitExtender20t32
-- Compiling architecture dataflow of BitExtender20t32
** Warning: proj/src/TopLevel/Components/lab1Components/Lab1/andg2.vhd(23): (vcom-1615) Existing entity 'andg2' at proj/src/TopLevel/Components/ALU_Components/Gates/andg2.vhd(23) will be overwritten.
-- Compiling entity andg2
** Warning: proj/src/TopLevel/Components/lab1Components/Lab1/andg2.vhd(31): (vcom-1615) Existing architecture 'andg2(dataflow)' at proj/src/TopLevel/Components/ALU_Components/Gates/andg2.vhd(31) will be overwritten.
-- Compiling architecture dataflow of andg2
** Warning: proj/src/TopLevel/Components/lab1Components/Lab1/org2.vhd(23): (vcom-1615) Existing entity 'org2' at proj/src/TopLevel/Components/ALU_Components/Gates/org2.vhd(23) will be overwritten.
-- Compiling entity org2
** Warning: proj/src/TopLevel/Components/lab1Components/Lab1/org2.vhd(31): (vcom-1615) Existing architecture 'org2(dataflow)' at proj/src/TopLevel/Components/ALU_Components/Gates/org2.vhd(31) will be overwritten.
-- Compiling architecture dataflow of org2
** Warning: proj/src/TopLevel/Components/lab1Components/Lab1/mux2t1_N.vhd(21): (vcom-1615) Existing entity 'mux2t1_N' at proj/src/TopLevel/Components/ALU_Components/Mux/mux2t1_N.vhd(21) will be overwritten.
-- Compiling entity mux2t1_N
** Warning: proj/src/TopLevel/Components/lab1Components/Lab1/mux2t1_N.vhd(30): (vcom-1615) Existing architecture 'mux2t1_N(structural)' at proj/src/TopLevel/Components/ALU_Components/Mux/mux2t1_N.vhd(30) will be overwritten.
-- Compiling architecture structural of mux2t1_N
-- Compiling entity Adder
-- Compiling architecture behavior of Adder
-- Compiling entity RegLd
-- Compiling architecture behavior of RegLd
-- Compiling entity Reg
-- Compiling architecture behavior of Reg
-- Compiling entity TPU_MV_Element
-- Compiling architecture structure of TPU_MV_Element
-- Compiling entity Multiplier
-- Compiling architecture behavior of Multiplier
-- Compiling entity tb_TPU_MV_Element
-- Compiling architecture mixed of tb_TPU_MV_Element
** Warning: proj/src/TopLevel/Components/lab1Components/Lab1/xorg2.vhd(23): (vcom-1615) Existing entity 'xorg2' at proj/src/TopLevel/Components/ALU_Components/Gates/xorg2.vhd(23) will be overwritten.
-- Compiling entity xorg2
** Warning: proj/src/TopLevel/Components/lab1Components/Lab1/xorg2.vhd(31): (vcom-1615) Existing architecture 'xorg2(dataflow)' at proj/src/TopLevel/Components/ALU_Components/Gates/xorg2.vhd(31) will be overwritten.
-- Compiling architecture dataflow of xorg2
** Warning: proj/src/TopLevel/Components/lab1Components/Lab1/invg.vhd(23): (vcom-1615) Existing entity 'invg' at proj/src/TopLevel/Components/ALU_Components/Gates/invg.vhd(23) will be overwritten.
-- Compiling entity invg
** Warning: proj/src/TopLevel/Components/lab1Components/Lab1/invg.vhd(30): (vcom-1615) Existing architecture 'invg(dataflow)' at proj/src/TopLevel/Components/ALU_Components/Gates/invg.vhd(30) will be overwritten.
-- Compiling architecture dataflow of invg
** Warning: proj/src/TopLevel/Components/lab1Components/OnesComp/onesComp_n.vhd(17): (vcom-1615) Existing entity 'onesComp_n' at proj/src/TopLevel/Components/ALU_Components/AddSub/onesComp_n.vhd(17) will be overwritten.
-- Compiling entity onesComp_n
** Warning: proj/src/TopLevel/Components/lab1Components/OnesComp/onesComp_n.vhd(24): (vcom-1615) Existing architecture 'onesComp_n(structural)' at proj/src/TopLevel/Components/ALU_Components/AddSub/onesComp_n.vhd(24) will be overwritten.
-- Compiling architecture structural of onesComp_n
-- Compiling entity tb_onesComp_n
-- Compiling architecture mixed of tb_onesComp_n
** Warning: proj/src/TopLevel/Components/lab1Components/AddSub/addSub_n.vhd(22): (vcom-1615) Existing entity 'addSub_n' at proj/src/TopLevel/Components/ALU_Components/AddSub/addSub_n.vhd(22) will be overwritten.
-- Compiling entity addSub_n
** Warning: proj/src/TopLevel/Components/lab1Components/AddSub/addSub_n.vhd(31): (vcom-1615) Existing architecture 'addSub_n(structural)' at proj/src/TopLevel/Components/ALU_Components/AddSub/addSub_n.vhd(31) will be overwritten.
-- Compiling architecture structural of addSub_n
-- Compiling entity tb_addSub_n
-- Compiling architecture mixed of tb_addSub_n
** Warning: proj/src/TopLevel/Components/lab1Components/Mux/mux2t1.vhd(21): (vcom-1615) Existing entity 'mux2t1' at proj/src/TopLevel/Components/ALU_Components/Mux/mux2t1.vhd(21) will be overwritten.
-- Compiling entity mux2t1
** Warning: proj/src/TopLevel/Components/lab1Components/Mux/mux2t1.vhd(29): (vcom-1615) Existing architecture 'mux2t1(structural)' at proj/src/TopLevel/Components/ALU_Components/Mux/mux2t1.vhd(29) will be overwritten.
-- Compiling architecture structural of mux2t1
-- Compiling entity tb_mux2t1_N
-- Compiling architecture mixed of tb_mux2t1_N
** Warning: proj/src/TopLevel/Components/lab1Components/Mux/DFmux2t1.vhd(6): (vcom-1615) Existing entity 'DFmux2t1' at proj/src/TopLevel/Components/ALU_Components/Mux/DFmux2t1.vhd(6) will be overwritten.
-- Compiling entity DFmux2t1
** Warning: proj/src/TopLevel/Components/lab1Components/Mux/DFmux2t1.vhd(13): (vcom-1615) Existing architecture 'DFmux2t1(dataflow)' at proj/src/TopLevel/Components/ALU_Components/Mux/DFmux2t1.vhd(13) will be overwritten.
-- Compiling architecture dataflow of DFmux2t1
-- Compiling entity tb_mux2t1
-- Compiling architecture mixed of tb_mux2t1
-- Compiling entity tb_DFmux2t1
-- Compiling architecture mixed of tb_DFmux2t1
** Warning: proj/src/TopLevel/Components/lab1Components/Adder/rippleAdder_n.vhd(22): (vcom-1615) Existing entity 'rippleAdder_n' at proj/src/TopLevel/Components/ALU_Components/AddSub/rippleAdder_n.vhd(22) will be overwritten.
-- Compiling entity rippleAdder_n
** Warning: proj/src/TopLevel/Components/lab1Components/Adder/rippleAdder_n.vhd(34): (vcom-1615) Existing architecture 'rippleAdder_n(structural)' at proj/src/TopLevel/Components/ALU_Components/AddSub/rippleAdder_n.vhd(34) will be overwritten.
-- Compiling architecture structural of rippleAdder_n
** Warning: proj/src/TopLevel/Components/lab1Components/Adder/fulladder.vhd(20): (vcom-1615) Existing entity 'fullAdder' at proj/src/TopLevel/Components/ALU_Components/AddSub/fulladder.vhd(20) will be overwritten.
-- Compiling entity fullAdder
** Warning: proj/src/TopLevel/Components/lab1Components/Adder/fulladder.vhd(30): (vcom-1615) Existing architecture 'fullAdder(structural)' at proj/src/TopLevel/Components/ALU_Components/AddSub/fulladder.vhd(30) will be overwritten.
-- Compiling architecture structural of fullAdder
-- Compiling entity tb_rippleAdder_n
-- Compiling architecture mixed of tb_rippleAdder_n
-- Compiling entity tb_fullAdder
-- Compiling architecture behavior of tb_fullAdder
End time: 14:58:30 on Oct 24,2025, Elapsed time: 0:00:00
Errors: 0, Warnings: 46
