Reading pref.tcl

# 2025.1_2

# vsim -postsimdataflow -debugdb -c -voptargs=""+acc"" tb -do "modelsim_framework.do" -gOUTPUT_TRACE=ms.trace 
# Start time: 15:53:30 on Oct 24,2025
# ** Note: (vsim-3812) Design is being optimized...
# ** Note: (vsim-8611) Generating debug db.
# ** Warning: (vopt-10587) Some optimizations are turned off because the +acc switch is in effect. This will cause your simulation to run slowly. Please use -access/-debug to maintain needed visibility. The +acc switch would be deprecated in a future release.
# ** Note: (vopt-4301) Memory core inferred for signal 'ram' width=32, depth=1024, type=RAM at location proj/src/TopLevel/mem.vhd:35
# ** Note: (vsim-12126) Error and warning message counts have been restored: Errors=0, Warnings=1.
# //  Questa Sim-64
# //  Version 2025.1_2 linux_x86_64 Apr  7 2025
# //
# // Unpublished work. Copyright 2025 Siemens
# //
# // This material contains trade secrets or otherwise confidential information
# // owned by Siemens Industry Software Inc. or its affiliates (collectively,
# // "SISW"), or its licensors. Access to and use of this information is strictly
# // limited as set forth in the Customer's applicable agreements with SISW.
# //
# // This material may not be copied, distributed, or otherwise disclosed outside
# // of the Customer's facilities without the express written permission of SISW,
# // and may not be used in any way not expressly authorized by SISW.
# //
# Loading std.standard
# Loading std.textio(body)
# Loading ieee.std_logic_1164(body)
# Loading ieee.std_logic_textio(body)
# Loading std.env(body)
# Loading work.tb(mixed)#1
# Loading work.riscv_types(body)
# Loading work.riscv_processor(structure)#1
# Loading ieee.numeric_std(body)
# Loading work.mem(rtl)#1
# Loading work.programcountersimple(mixed)#1
# Loading work.pc_nbitregister(structural)#1
# Loading work.pc_dffg(mixed)#1
# Loading work.branchdecoder(dataflow)#1
# Loading work.iterator(mixed)#1
# Loading work.addsub_n(structural)#1
# Loading work.onescomp_n(structural)#1
# Loading work.invg(dataflow)#1
# Loading work.mux2t1_n(structural)#1
# Loading work.mux2t1(structural)#1
# Loading work.andg2(dataflow)#1
# Loading work.org2(dataflow)#1
# Loading work.rippleadder_n(structural)#1
# Loading work.fulladder(structural)#1
# Loading work.xorg2(dataflow)#1
# Loading work.controlunit(dataflow)#1
# Loading work.alu(behaviour)#1
# Loading work.logicmodule(mixed)#1
# Loading work.dualshift(mixed)#1
# Loading work.rbshift(mixed)#1
# Loading work.dfmux2t1(dataflow)#1
# Loading work.mux4t1(behaviour)#1
# Loading work.bitmux4t1(behaviour)#1
# Loading work.isnegative(behaviour)#1
# Loading work.iszero(behaviour)#1
# Loading work.alu_control(behaviour)#1
# Loading work.regfile(structural)#1
# Loading work.nbitregister(structural)#1
# Loading work.dffg(mixed)#1
# Loading work.mux32t1(dataflow)#1
# Loading work.registerdecoder(structural)#1
# Loading work.bitextender20t32(dataflow)#1
# ** Warning: (vsim-8683) Uninitialized out port /tb/MyRiscv/ALU_Module/o_Result(31) has no driver.
# This port will contribute value (U) to the signal network.
# ** Warning: (vsim-8683) Uninitialized out port /tb/MyRiscv/ALU_Module/o_Result(30) has no driver.
# This port will contribute value (U) to the signal network.
# ** Warning: (vsim-8683) Uninitialized out port /tb/MyRiscv/ALU_Module/o_Result(29) has no driver.
# This port will contribute value (U) to the signal network.
# ** Warning: (vsim-8683) Uninitialized out port /tb/MyRiscv/ALU_Module/o_Result(28) has no driver.
# This port will contribute value (U) to the signal network.
# ** Warning: (vsim-8683) Uninitialized out port /tb/MyRiscv/ALU_Module/o_Result(27) has no driver.
# This port will contribute value (U) to the signal network.
# ** Warning: (vsim-8683) Uninitialized out port /tb/MyRiscv/ALU_Module/o_Result(26) has no driver.
# This port will contribute value (U) to the signal network.
# ** Warning: (vsim-8683) Uninitialized out port /tb/MyRiscv/ALU_Module/o_Result(25) has no driver.
# This port will contribute value (U) to the signal network.
# ** Warning: (vsim-8683) Uninitialized out port /tb/MyRiscv/ALU_Module/o_Result(24) has no driver.
# This port will contribute value (U) to the signal network.
# ** Warning: (vsim-8683) Uninitialized out port /tb/MyRiscv/ALU_Module/o_Result(23) has no driver.
# This port will contribute value (U) to the signal network.
# ** Warning: (vsim-8683) Uninitialized out port /tb/MyRiscv/ALU_Module/o_Result(22) has no driver.
# This port will contribute value (U) to the signal network.
# ** Warning: (vsim-8683) Uninitialized out port /tb/MyRiscv/ALU_Module/o_Result(21) has no driver.
# This port will contribute value (U) to the signal network.
# ** Warning: (vsim-8683) Uninitialized out port /tb/MyRiscv/ALU_Module/o_Result(20) has no driver.
# This port will contribute value (U) to the signal network.
# ** Warning: (vsim-8683) Uninitialized out port /tb/MyRiscv/ALU_Module/o_Result(19) has no driver.
# This port will contribute value (U) to the signal network.
# ** Warning: (vsim-8683) Uninitialized out port /tb/MyRiscv/ALU_Module/o_Result(18) has no driver.
# This port will contribute value (U) to the signal network.
# ** Warning: (vsim-8683) Uninitialized out port /tb/MyRiscv/ALU_Module/o_Result(17) has no driver.
# This port will contribute value (U) to the signal network.
# ** Warning: (vsim-8683) Uninitialized out port /tb/MyRiscv/ALU_Module/o_Result(16) has no driver.
# This port will contribute value (U) to the signal network.
# ** Warning: (vsim-8683) Uninitialized out port /tb/MyRiscv/ALU_Module/o_Result(15) has no driver.
# This port will contribute value (U) to the signal network.
# ** Warning: (vsim-8683) Uninitialized out port /tb/MyRiscv/ALU_Module/o_Result(14) has no driver.
# This port will contribute value (U) to the signal network.
# ** Warning: (vsim-8683) Uninitialized out port /tb/MyRiscv/ALU_Module/o_Result(13) has no driver.
# This port will contribute value (U) to the signal network.
# ** Warning: (vsim-8683) Uninitialized out port /tb/MyRiscv/ALU_Module/o_Result(12) has no driver.
# This port will contribute value (U) to the signal network.
# ** Warning: (vsim-8683) Uninitialized out port /tb/MyRiscv/ALU_Module/o_Result(11) has no driver.
# This port will contribute value (U) to the signal network.
# ** Warning: (vsim-8683) Uninitialized out port /tb/MyRiscv/ALU_Module/o_Result(10) has no driver.
# This port will contribute value (U) to the signal network.
# ** Warning: (vsim-8683) Uninitialized out port /tb/MyRiscv/ALU_Module/o_Result(9) has no driver.
# This port will contribute value (U) to the signal network.
# ** Warning: (vsim-8683) Uninitialized out port /tb/MyRiscv/ALU_Module/o_Result(8) has no driver.
# This port will contribute value (U) to the signal network.
# ** Warning: (vsim-8683) Uninitialized out port /tb/MyRiscv/ALU_Module/o_Result(7) has no driver.
# This port will contribute value (U) to the signal network.
# ** Warning: (vsim-8683) Uninitialized out port /tb/MyRiscv/ALU_Module/o_Result(6) has no driver.
# This port will contribute value (U) to the signal network.
# ** Warning: (vsim-8683) Uninitialized out port /tb/MyRiscv/ALU_Module/o_Result(5) has no driver.
# This port will contribute value (U) to the signal network.
# ** Warning: (vsim-8683) Uninitialized out port /tb/MyRiscv/ALU_Module/o_Result(4) has no driver.
# This port will contribute value (U) to the signal network.
# ** Warning: (vsim-8683) Uninitialized out port /tb/MyRiscv/ALU_Module/o_Result(3) has no driver.
# This port will contribute value (U) to the signal network.
# ** Warning: (vsim-8683) Uninitialized out port /tb/MyRiscv/ALU_Module/o_Result(2) has no driver.
# This port will contribute value (U) to the signal network.
# ** Warning: (vsim-8683) Uninitialized out port /tb/MyRiscv/ALU_Module/o_Result(1) has no driver.
# This port will contribute value (U) to the signal network.
# ** Warning: (vsim-8683) Uninitialized out port /tb/MyRiscv/ALU_Module/o_Result(0) has no driver.
# This port will contribute value (U) to the signal network.
# ** Note: (vsim-8900) Creating design debug database vsim.dbg.
# do modelsim_framework.do
# ** Warning: NUMERIC_STD.TO_INTEGER: metavalue detected, returning 0
#    Time: 0 ns  Iteration: 0  Instance: /tb/MyRiscv/g_Reg/g_RS2MUX
# ** Warning: NUMERIC_STD.TO_INTEGER: metavalue detected, returning 0
#    Time: 0 ns  Iteration: 0  Instance: /tb/MyRiscv/g_Reg/g_RS1MUX
# ** Warning: NUMERIC_STD.TO_INTEGER: metavalue detected, returning 0
#    Time: 0 ns  Iteration: 0  Instance: /tb/MyRiscv/DMem
# ** Warning: NUMERIC_STD.TO_INTEGER: metavalue detected, returning 0
#    Time: 0 ns  Iteration: 0  Instance: /tb/MyRiscv/IMem
# End time: 15:53:32 on Oct 24,2025, Elapsed time: 0:00:02
# Errors: 0, Warnings: 37
